<?xml version="1.0" encoding="UTF-8"?>
<testng-results ignored="0" total="2" passed="2" failed="0" skipped="0">
  <reporter-output>
  </reporter-output>
  <suite started-at="2024-05-06T22:34:48 IST" name="Default suite" finished-at="2024-05-06T22:35:23 IST" duration-ms="34490">
    <groups>
    </groups>
    <test started-at="2024-05-06T22:34:48 IST" name="Default test" finished-at="2024-05-06T22:35:23 IST" duration-ms="34490">
      <class name="com.ust.contactform.FormTest">
        <test-method is-config="true" signature="startup()[pri:0, instance:com.ust.contactform.FormTest@449a4f23]" started-at="2024-05-06T22:34:48 IST" name="startup" finished-at="2024-05-06T22:35:04 IST" duration-ms="15639" status="PASS">
          <reporter-output>
          </reporter-output>
        </test-method> <!-- startup -->
        <test-method signature="mainTest()[pri:0, instance:com.ust.contactform.FormTest@449a4f23]" started-at="2024-05-06T22:35:04 IST" name="mainTest" finished-at="2024-05-06T22:35:15 IST" duration-ms="11044" status="PASS">
          <reporter-output>
          </reporter-output>
        </test-method> <!-- mainTest -->
        <test-method signature="submit()[pri:1, instance:com.ust.contactform.FormTest@449a4f23]" started-at="2024-05-06T22:35:15 IST" name="submit" finished-at="2024-05-06T22:35:19 IST" duration-ms="4435" status="PASS">
          <reporter-output>
          </reporter-output>
        </test-method> <!-- submit -->
        <test-method is-config="true" signature="teardown()[pri:0, instance:com.ust.contactform.FormTest@449a4f23]" started-at="2024-05-06T22:35:19 IST" name="teardown" finished-at="2024-05-06T22:35:23 IST" duration-ms="3338" status="PASS">
          <reporter-output>
          </reporter-output>
        </test-method> <!-- teardown -->
      </class> <!-- com.ust.contactform.FormTest -->
    </test> <!-- Default test -->
  </suite> <!-- Default suite -->
</testng-results>
